-------------------------------------------------------------------------------
Test set: com.automation.runners.TestRunner
-------------------------------------------------------------------------------
Tests run: 2, Failures: 1, Errors: 0, Skipped: 0, Time elapsed: 65.09 s <<< FAILURE! - in com.automation.runners.TestRunner
runScenario(com.automation.runners.TestRunner)  Time elapsed: 47.954 s  <<< FAILURE!
java.lang.AssertionError: expected [true] but found [false]

